<?xml version="1.0" encoding="UTF-8"?>
<!-- Generated by org.testng.reporters.JUnitReportReporter -->
<testsuite hostname="DESKTOP-A629BIF" name="TestJenkins.JenkinsTestNGDemo" tests="1" failures="0" timestamp="31 Jan 2020 19:44:12 GMT" time="5.989" errors="0">
  <testcase name="openSite" time="5.989" classname="TestJenkins.JenkinsTestNGDemo"/>
</testsuite> <!-- TestJenkins.JenkinsTestNGDemo -->
